[10:10:55] [ServerMain/INFO]: Environment: Environment[sessionHost=https://sessionserver.mojang.com, servicesHost=https://api.minecraftservices.com, profilesHost=https://api.mojang.com, name=PROD]
[10:10:56] [ServerMain/INFO]: No existing world data, creating new world
[10:10:57] [ServerMain/INFO]: Loaded 1461 recipes
[10:10:57] [ServerMain/INFO]: Loaded 1574 advancements
[10:10:57] [Server thread/INFO]: Starting minecraft server version 1.21.10
[10:10:57] [Server thread/INFO]: Loading properties
[10:10:57] [Server thread/INFO]: Default game type: SURVIVAL
[10:10:57] [Server thread/INFO]: Generating keypair
[10:10:57] [Server thread/INFO]: Starting Minecraft server on *:25565
[10:10:57] [Server thread/INFO]: Using epoll channel type
[10:10:57] [Server thread/WARN]: **** SERVER IS RUNNING IN OFFLINE/INSECURE MODE!
[10:10:57] [Server thread/WARN]: The server will make no attempt to authenticate usernames. Beware.
[10:10:57] [Server thread/WARN]: While this makes the game possible to play without internet access, it also opens up the ability for hackers to connect with any username they choose.
[10:10:57] [Server thread/WARN]: To change this, set "online-mode" to "true" in the server.properties file.
[10:10:57] [Server thread/INFO]: Preparing level "world"
[10:10:57] [Server thread/INFO]: Selecting global world spawn...
[10:11:05] [Server thread/INFO]: Loading 0 persistent chunks...
[10:11:05] [Server thread/INFO]: Preparing spawn area: 100%
[10:11:05] [Server thread/INFO]: Time elapsed: 7892 ms
[10:11:05] [Server thread/INFO]: Done (8.190s)! For help, type "help"
[10:11:52] [Server thread/INFO]: Vodruk9029[/127.137.241.145:48513] logged in with entity id 11 at (229.5, 79.0, -68.5)
[10:11:52] [Server thread/INFO]: Vodruk9029 joined the game
[10:16:40] [Server thread/INFO]: MrDeren21[/127.255.178.45:38239] logged in with entity id 1092 at (226.5, 73.0, -60.5)
[10:16:40] [Server thread/INFO]: MrDeren21 joined the game
[10:17:48] [Server thread/INFO]: Vodruk9029 has made the advancement [Stone Age]
[10:18:00] [Server thread/INFO]: Vodruk9029 has made the advancement [Getting an Upgrade]
[10:18:38] [Server thread/INFO]: MrDeren21 has made the advancement [Stone Age]
